Attaching to log-stack-loki, log-stack-promtail, log-stack-grafana
[36mlog-stack-grafana |[0m t=2021-01-24T15:02:46+0000 lvl=info msg="Starting Grafana" logger=server version=7.3.7 commit=1e261642f4 branch=HEAD compiled=2021-01-14T08:41:57+0000
[36mlog-stack-grafana |[0m t=2021-01-24T15:02:46+0000 lvl=info msg="Config loaded from" logger=settings file=/usr/share/grafana/conf/defaults.ini
[36mlog-stack-grafana |[0m t=2021-01-24T15:02:46+0000 lvl=info msg="Config loaded from" logger=settings file=/etc/grafana/grafana.ini
[36mlog-stack-grafana |[0m t=2021-01-24T15:02:46+0000 lvl=info msg="Config overridden from command line" logger=settings arg="default.paths.data=/var/lib/grafana"
[36mlog-stack-grafana |[0m t=2021-01-24T15:02:46+0000 lvl=info msg="Config overridden from command line" logger=settings arg="default.paths.logs=/var/log/grafana"
[36mlog-stack-grafana |[0m t=2021-01-24T15:02:46+0000 lvl=info msg="Config overridden from command line" logger=settings arg="default.paths.plugins=/var/lib/grafana/plugins"
[36mlog-stack-grafana |[0m t=2021-01-24T15:02:46+0000 lvl=info msg="Config overridden from command line" logger=settings arg="default.paths.provisioning=/etc/grafana/provisioning"
[36mlog-stack-grafana |[0m t=2021-01-24T15:02:46+0000 lvl=info msg="Config overridden from command line" logger=settings arg="default.log.mode=console"
[36mlog-stack-grafana |[0m t=2021-01-24T15:02:46+0000 lvl=info msg="Config overridden from Environment variable" logger=settings var="GF_PATHS_DATA=/var/lib/grafana"
[36mlog-stack-grafana |[0m t=2021-01-24T15:02:46+0000 lvl=info msg="Config overridden from Environment variable" logger=settings var="GF_PATHS_LOGS=/var/log/grafana"
[36mlog-stack-grafana |[0m t=2021-01-24T15:02:46+0000 lvl=info msg="Config overridden from Environment variable" logger=settings var="GF_PATHS_PLUGINS=/var/lib/grafana/plugins"
[36mlog-stack-grafana |[0m t=2021-01-24T15:02:46+0000 lvl=info msg="Config overridden from Environment variable" logger=settings var="GF_PATHS_PROVISIONING=/etc/grafana/provisioning"
[36mlog-stack-grafana |[0m t=2021-01-24T15:02:46+0000 lvl=info msg="Path Home" logger=settings path=/usr/share/grafana
[36mlog-stack-grafana |[0m t=2021-01-24T15:02:46+0000 lvl=info msg="Path Data" logger=settings path=/var/lib/grafana
[36mlog-stack-grafana |[0m t=2021-01-24T15:02:46+0000 lvl=info msg="Path Logs" logger=settings path=/var/log/grafana
[36mlog-stack-grafana |[0m t=2021-01-24T15:02:46+0000 lvl=info msg="Path Plugins" logger=settings path=/var/lib/grafana/plugins
[36mlog-stack-grafana |[0m t=2021-01-24T15:02:46+0000 lvl=info msg="Path Provisioning" logger=settings path=/etc/grafana/provisioning
[36mlog-stack-grafana |[0m t=2021-01-24T15:02:46+0000 lvl=info msg="App mode production" logger=settings
[36mlog-stack-grafana |[0m t=2021-01-24T15:02:46+0000 lvl=info msg="Connecting to DB" logger=sqlstore dbtype=sqlite3
[36mlog-stack-grafana |[0m t=2021-01-24T15:02:46+0000 lvl=warn msg="SQLite database file has broader permissions than it should" logger=sqlstore path=/var/lib/grafana/grafana.db mode=-rwxrwxrwx expected=-rw-r-----
[36mlog-stack-grafana |[0m t=2021-01-24T15:02:46+0000 lvl=info msg="Starting DB migrations" logger=migrator
[36mlog-stack-grafana |[0m t=2021-01-24T15:02:46+0000 lvl=info msg="Starting plugin search" logger=plugins
[36mlog-stack-grafana |[0m t=2021-01-24T15:02:46+0000 lvl=info msg="Registering plugin" logger=plugins id=input
[36mlog-stack-grafana |[0m t=2021-01-24T15:02:46+0000 lvl=info msg="HTTP Server Listen" logger=http.server address=[::]:3000 protocol=http subUrl= socket=
[32mlog-stack-promtail |[0m ---
[32mlog-stack-promtail |[0m # Loki Config
[32mlog-stack-promtail |[0m # (version=2.0.0, branch=HEAD, revision=6978ee5d7)
[32mlog-stack-promtail |[0m server:
[32mlog-stack-promtail |[0m   http_listen_address: ""
[32mlog-stack-promtail |[0m   http_listen_port: 9080
[32mlog-stack-promtail |[0m   http_listen_conn_limit: 0
[32mlog-stack-promtail |[0m   grpc_listen_address: ""
[32mlog-stack-promtail |[0m   grpc_listen_port: 0
[32mlog-stack-promtail |[0m   grpc_listen_conn_limit: 0
[32mlog-stack-promtail |[0m   http_tls_config:
[32mlog-stack-promtail |[0m     cert_file: ""
[32mlog-stack-promtail |[0m     key_file: ""
[32mlog-stack-promtail |[0m     client_auth_type: ""
[32mlog-stack-promtail |[0m     client_ca_file: ""
[32mlog-stack-promtail |[0m   grpc_tls_config:
[32mlog-stack-promtail |[0m     cert_file: ""
[32mlog-stack-promtail |[0m     key_file: ""
[32mlog-stack-promtail |[0m     client_auth_type: ""
[32mlog-stack-promtail |[0m     client_ca_file: ""
[32mlog-stack-promtail |[0m   register_instrumentation: true
[32mlog-stack-promtail |[0m   graceful_shutdown_timeout: 30s
[32mlog-stack-promtail |[0m   http_server_read_timeout: 30s
[32mlog-stack-promtail |[0m   http_server_write_timeout: 30s
[32mlog-stack-promtail |[0m   http_server_idle_timeout: 2m0s
[32mlog-stack-promtail |[0m   grpc_server_max_recv_msg_size: 4194304
[32mlog-stack-promtail |[0m   grpc_server_max_send_msg_size: 4194304
[32mlog-stack-promtail |[0m   grpc_server_max_concurrent_streams: 100
[32mlog-stack-promtail |[0m   grpc_server_max_connection_idle: 2562047h47m16.854775807s
[32mlog-stack-promtail |[0m   grpc_server_max_connection_age: 2562047h47m16.854775807s
[32mlog-stack-promtail |[0m   grpc_server_max_connection_age_grace: 2562047h47m16.854775807s
[32mlog-stack-promtail |[0m   grpc_server_keepalive_time: 2h0m0s
[32mlog-stack-promtail |[0m   grpc_server_keepalive_timeout: 20s
[32mlog-stack-promtail |[0m   log_format: logfmt
[32mlog-stack-promtail |[0m   log_level: info
[32mlog-stack-promtail |[0m   log_source_ips_enabled: false
[32mlog-stack-promtail |[0m   log_source_ips_header: ""
[32mlog-stack-promtail |[0m   log_source_ips_regex: ""
[32mlog-stack-promtail |[0m   http_path_prefix: ""
[32mlog-stack-promtail |[0m   external_url: ""
[32mlog-stack-promtail |[0m   health_check_target: null
[32mlog-stack-promtail |[0m   disable: false
[32mlog-stack-promtail |[0m client:
[32mlog-stack-promtail |[0m   url: ""
[32mlog-stack-promtail |[0m   batchwait: 1s
[32mlog-stack-promtail |[0m   batchsize: 1048576
[32mlog-stack-promtail |[0m   backoff_config:
[32mlog-stack-promtail |[0m     min_period: 500ms
[32mlog-stack-promtail |[0m     max_period: 5m0s
[32mlog-stack-promtail |[0m     max_retries: 10
[32mlog-stack-promtail |[0m   timeout: 10s
[32mlog-stack-promtail |[0m   tenant_id: ""
[32mlog-stack-promtail |[0m clients:
[32mlog-stack-promtail |[0m - url: http://loki:3100/loki/api/v1/push
[32mlog-stack-promtail |[0m   batchwait: 1s
[32mlog-stack-promtail |[0m   batchsize: 1048576
[32mlog-stack-promtail |[0m   backoff_config:
[32mlog-stack-promtail |[0m     min_period: 500ms
[32mlog-stack-promtail |[0m     max_period: 5m0s
[32mlog-stack-promtail |[0m     max_retries: 10
[32mlog-stack-promtail |[0m   timeout: 10s
[32mlog-stack-promtail |[0m   tenant_id: ""
[32mlog-stack-promtail |[0m positions:
[32mlog-stack-promtail |[0m   sync_period: 10s
[32mlog-stack-promtail |[0m   filename: /tmp/positions.yaml
[32mlog-stack-promtail |[0m   ignore_invalid_yaml: false
[32mlog-stack-promtail |[0m scrape_configs:
[32mlog-stack-promtail |[0m - job_name: system
[32mlog-stack-promtail |[0m   pipeline_stages:
[32mlog-stack-promtail |[0m   - docker: null
[32mlog-stack-promtail |[0m   static_configs:
[32mlog-stack-promtail |[0m   - targets:
[32mlog-stack-promtail |[0m     - localhost
[32mlog-stack-promtail |[0m     labels:
[32mlog-stack-promtail |[0m       __path__: /var/log/*log
[32mlog-stack-promtail |[0m       env: dev
[32mlog-stack-promtail |[0m       job: varlogs
[32mlog-stack-promtail |[0m - job_name: grafana
[32mlog-stack-promtail |[0m   static_configs:
[32mlog-stack-promtail |[0m   - targets:
[32mlog-stack-promtail |[0m     - grafana
[32mlog-stack-promtail |[0m     labels:
[32mlog-stack-promtail |[0m       __path__: /mnt/d/programs/studynotes/compose-files/loki-log-stack/grafana/log/grafana.log
[32mlog-stack-promtail |[0m       env: dev
[32mlog-stack-promtail |[0m       job: grafana
[32mlog-stack-promtail |[0m target_config:
[32mlog-stack-promtail |[0m   sync_period: 10s
[32mlog-stack-promtail |[0m   stdin: false
[32mlog-stack-promtail |[0m 
[32mlog-stack-promtail |[0m 
[32mlog-stack-promtail |[0m level=info ts=2021-01-24T15:02:47.5547338Z caller=server.go:225 http=[::]:9080 grpc=[::]:37029 msg="server listening on addresses"
[32mlog-stack-promtail |[0m level=info ts=2021-01-24T15:02:47.5549318Z caller=main.go:108 msg="Starting Promtail" version="(version=2.0.0, branch=HEAD, revision=6978ee5d7)"
[32mlog-stack-promtail |[0m level=info ts=2021-01-24T15:02:52.5546162Z caller=filetargetmanager.go:261 msg="Adding target" key="{env=\"dev\", job=\"varlogs\"}"
[32mlog-stack-promtail |[0m level=info ts=2021-01-24T15:02:52.555318Z caller=tailer.go:122 component=tailer msg="tail routine: started" path=/var/log/fontconfig.log
[32mlog-stack-promtail |[0m ts=2021-01-24T15:02:52.5553542Z caller=log.go:124 component=tailer level=info msg="Seeked /var/log/fontconfig.log - &{Offset:0 Whence:0}"
[32mlog-stack-promtail |[0m level=info ts=2021-01-24T15:02:52.5554088Z caller=tailer.go:122 component=tailer msg="tail routine: started" path=/var/log/lastlog
[32mlog-stack-promtail |[0m ts=2021-01-24T15:02:52.5554301Z caller=log.go:124 component=tailer level=info msg="Seeked /var/log/tallylog - &{Offset:0 Whence:0}"
[32mlog-stack-promtail |[0m level=info ts=2021-01-24T15:02:52.5554376Z caller=filetargetmanager.go:261 msg="Adding target" key="{env=\"dev\", job=\"grafana\"}"
[32mlog-stack-promtail |[0m ts=2021-01-24T15:02:52.5554519Z caller=log.go:124 component=tailer level=info msg="Seeked /var/log/lastlog - &{Offset:0 Whence:0}"
[32mlog-stack-promtail |[0m level=info ts=2021-01-24T15:02:52.5554507Z caller=tailer.go:122 component=tailer msg="tail routine: started" path=/var/log/dpkg.log
[32mlog-stack-promtail |[0m level=info ts=2021-01-24T15:02:52.5555094Z caller=tailer.go:122 component=tailer msg="tail routine: started" path=/var/log/tallylog
[32mlog-stack-promtail |[0m level=info ts=2021-01-24T15:02:52.5555298Z caller=tailer.go:122 component=tailer msg="tail routine: started" path=/var/log/docker.log
[32mlog-stack-promtail |[0m level=info ts=2021-01-24T15:02:52.5555906Z caller=tailer.go:122 component=tailer msg="tail routine: started" path=/var/log/alternatives.log
[32mlog-stack-promtail |[0m ts=2021-01-24T15:02:52.55558Z caller=log.go:124 component=tailer level=info msg="Seeked /var/log/alternatives.log - &{Offset:0 Whence:0}"
[32mlog-stack-promtail |[0m ts=2021-01-24T15:02:52.5556235Z caller=log.go:124 component=tailer level=info msg="Seeked /var/log/dpkg.log - &{Offset:0 Whence:0}"
[32mlog-stack-promtail |[0m ts=2021-01-24T15:02:52.5556548Z caller=log.go:124 component=tailer level=info msg="Seeked /var/log/docker.log - &{Offset:0 Whence:0}"
[33mlog-stack-loki |[0m level=info ts=2021-01-24T15:02:46.554191Z caller=main.go:128 msg="Starting Loki" version="(version=2.0.0, branch=HEAD, revision=6978ee5d7)"
[33mlog-stack-loki |[0m level=info ts=2021-01-24T15:02:46.5544757Z caller=server.go:225 http=[::]:3100 grpc=[::]:9095 msg="server listening on addresses"
[33mlog-stack-loki |[0m level=info ts=2021-01-24T15:02:46.5552206Z caller=table_manager.go:171 msg="uploading tables"
[33mlog-stack-loki |[0m level=info ts=2021-01-24T15:02:46.5552817Z caller=shipper_index_client.go:97 msg="starting boltdb shipper in 0 mode"
[33mlog-stack-loki |[0m level=info ts=2021-01-24T15:02:46.5561997Z caller=mapper.go:38 msg="cleaning up mapped rules directory" path=/loki/rules-temp
[33mlog-stack-loki |[0m level=error ts=2021-01-24T15:02:46.556254Z caller=mapper.go:42 msg="unable to read rules directory" path=/loki/rules-temp err="open /loki/rules-temp: no such file or directory"
[33mlog-stack-loki |[0m level=info ts=2021-01-24T15:02:46.5572245Z caller=worker.go:65 msg="no address specified, not starting worker"
[33mlog-stack-loki |[0m level=info ts=2021-01-24T15:02:46.5575408Z caller=module_service.go:58 msg=initialising module=memberlist-kv
[33mlog-stack-loki |[0m level=info ts=2021-01-24T15:02:46.5575892Z caller=module_service.go:58 msg=initialising module=server
[33mlog-stack-loki |[0m level=info ts=2021-01-24T15:02:46.5576232Z caller=module_service.go:58 msg=initialising module=compactor
[33mlog-stack-loki |[0m level=info ts=2021-01-24T15:02:46.5576233Z caller=module_service.go:58 msg=initialising module=store
[33mlog-stack-loki |[0m level=info ts=2021-01-24T15:02:46.5576521Z caller=module_service.go:58 msg=initialising module=ingester
[33mlog-stack-loki |[0m level=info ts=2021-01-24T15:02:46.5576684Z caller=module_service.go:58 msg=initialising module=table-manager
[33mlog-stack-loki |[0m level=info ts=2021-01-24T15:02:46.5577022Z caller=module_service.go:58 msg=initialising module=ring
[33mlog-stack-loki |[0m level=info ts=2021-01-24T15:02:46.5577182Z caller=lifecycler.go:518 msg="not loading tokens from file, tokens file path is empty"
[33mlog-stack-loki |[0m level=info ts=2021-01-24T15:02:46.5577979Z caller=lifecycler.go:547 msg="instance not found in ring, adding with no tokens" ring=ingester
[33mlog-stack-loki |[0m level=info ts=2021-01-24T15:02:46.5578115Z caller=client.go:242 msg="value is nil" key=collectors/ring index=1
[33mlog-stack-loki |[0m level=info ts=2021-01-24T15:02:46.5578573Z caller=module_service.go:58 msg=initialising module=distributor
[33mlog-stack-loki |[0m level=info ts=2021-01-24T15:02:46.5578779Z caller=module_service.go:58 msg=initialising module=ingester-querier
[33mlog-stack-loki |[0m level=info ts=2021-01-24T15:02:46.5578982Z caller=module_service.go:58 msg=initialising module=ruler
[33mlog-stack-loki |[0m level=info ts=2021-01-24T15:02:46.5579114Z caller=ruler.go:400 msg="ruler up and running"
[33mlog-stack-loki |[0m level=info ts=2021-01-24T15:02:46.5579261Z caller=lifecycler.go:394 msg="auto-joining cluster after timeout" ring=ingester
[33mlog-stack-loki |[0m level=info ts=2021-01-24T15:02:46.5579718Z caller=loki.go:227 msg="Loki started"
[33mlog-stack-loki |[0m level=info ts=2021-01-24T15:02:46.5582446Z caller=table_manager.go:324 msg="synching tables" expected_tables=93
[33mlog-stack-loki |[0m level=info ts=2021-01-24T15:02:46.5583062Z caller=table_manager.go:476 msg="creating table" table=index_18559
[33mlog-stack-loki |[0m level=info ts=2021-01-24T15:02:46.558316Z caller=table_manager.go:476 msg="creating table" table=index_18562
[33mlog-stack-loki |[0m level=info ts=2021-01-24T15:02:46.5583213Z caller=table_manager.go:476 msg="creating table" table=index_18574
[33mlog-stack-loki |[0m level=info ts=2021-01-24T15:02:46.5583413Z caller=table_manager.go:476 msg="creating table" table=index_18598
[33mlog-stack-loki |[0m level=info ts=2021-01-24T15:02:46.5583487Z caller=table_manager.go:476 msg="creating table" table=index_18623
[33mlog-stack-loki |[0m level=info ts=2021-01-24T15:02:46.5583546Z caller=table_manager.go:476 msg="creating table" table=index_18626
[33mlog-stack-loki |[0m level=info ts=2021-01-24T15:02:46.5583587Z caller=table_manager.go:476 msg="creating table" table=index_18647
[33mlog-stack-loki |[0m level=info ts=2021-01-24T15:02:46.5583775Z caller=table_manager.go:476 msg="creating table" table=index_18568
[33mlog-stack-loki |[0m level=info ts=2021-01-24T15:02:46.5583847Z caller=table_manager.go:476 msg="creating table" table=index_18584
[33mlog-stack-loki |[0m level=info ts=2021-01-24T15:02:46.5583904Z caller=table_manager.go:476 msg="creating table" table=index_18599
[33mlog-stack-loki |[0m level=info ts=2021-01-24T15:02:46.5584312Z caller=table_manager.go:476 msg="creating table" table=index_18607
[33mlog-stack-loki |[0m level=info ts=2021-01-24T15:02:46.5584389Z caller=table_manager.go:476 msg="creating table" table=index_18610
[33mlog-stack-loki |[0m level=info ts=2021-01-24T15:02:46.5584446Z caller=table_manager.go:476 msg="creating table" table=index_18632
[33mlog-stack-loki |[0m level=info ts=2021-01-24T15:02:46.5584492Z caller=table_manager.go:476 msg="creating table" table=index_18644
[33mlog-stack-loki |[0m level=info ts=2021-01-24T15:02:46.5584693Z caller=table_manager.go:476 msg="creating table" table=index_18614
[33mlog-stack-loki |[0m level=info ts=2021-01-24T15:02:46.5584768Z caller=table_manager.go:476 msg="creating table" table=index_18627
[33mlog-stack-loki |[0m level=info ts=2021-01-24T15:02:46.5584827Z caller=table_manager.go:476 msg="creating table" table=index_18634
[33mlog-stack-loki |[0m level=info ts=2021-01-24T15:02:46.5584873Z caller=table_manager.go:476 msg="creating table" table=index_18646
[33mlog-stack-loki |[0m level=info ts=2021-01-24T15:02:46.5585088Z caller=table_manager.go:476 msg="creating table" table=index_18576
[33mlog-stack-loki |[0m level=info ts=2021-01-24T15:02:46.5585164Z caller=table_manager.go:476 msg="creating table" table=index_18624
[33mlog-stack-loki |[0m level=info ts=2021-01-24T15:02:46.5585211Z caller=table_manager.go:476 msg="creating table" table=index_18637
[33mlog-stack-loki |[0m level=info ts=2021-01-24T15:02:46.5585255Z caller=table_manager.go:476 msg="creating table" table=index_18564
[33mlog-stack-loki |[0m level=info ts=2021-01-24T15:02:46.5585298Z caller=table_manager.go:476 msg="creating table" table=index_18571
[33mlog-stack-loki |[0m level=info ts=2021-01-24T15:02:46.5585342Z caller=table_manager.go:476 msg="creating table" table=index_18581
[33mlog-stack-loki |[0m level=info ts=2021-01-24T15:02:46.5585388Z caller=table_manager.go:476 msg="creating table" table=index_18587
[33mlog-stack-loki |[0m level=info ts=2021-01-24T15:02:46.5585594Z caller=table_manager.go:476 msg="creating table" table=index_18642
[33mlog-stack-loki |[0m level=info ts=2021-01-24T15:02:46.5585634Z caller=table_manager.go:476 msg="creating table" table=index_18643
[33mlog-stack-loki |[0m level=info ts=2021-01-24T15:02:46.5585823Z caller=table_manager.go:476 msg="creating table" table=index_18649
[33mlog-stack-loki |[0m level=info ts=2021-01-24T15:02:46.5585896Z caller=table_manager.go:476 msg="creating table" table=index_18615
[33mlog-stack-loki |[0m level=info ts=2021-01-24T15:02:46.5585953Z caller=table_manager.go:476 msg="creating table" table=index_18566
[33mlog-stack-loki |[0m level=info ts=2021-01-24T15:02:46.5586145Z caller=table_manager.go:476 msg="creating table" table=index_18567
[33mlog-stack-loki |[0m level=info ts=2021-01-24T15:02:46.5586219Z caller=table_manager.go:476 msg="creating table" table=index_18580
[33mlog-stack-loki |[0m level=info ts=2021-01-24T15:02:46.5586265Z caller=table_manager.go:476 msg="creating table" table=index_18582
[33mlog-stack-loki |[0m level=info ts=2021-01-24T15:02:46.5586306Z caller=table_manager.go:476 msg="creating table" table=index_18588
[33mlog-stack-loki |[0m level=info ts=2021-01-24T15:02:46.5586351Z caller=table_manager.go:476 msg="creating table" table=index_18600
[33mlog-stack-loki |[0m level=info ts=2021-01-24T15:02:46.5586394Z caller=table_manager.go:476 msg="creating table" table=index_18601
[33mlog-stack-loki |[0m level=info ts=2021-01-24T15:02:46.5586825Z caller=table_manager.go:476 msg="creating table" table=index_18619
[33mlog-stack-loki |[0m level=info ts=2021-01-24T15:02:46.55869Z caller=table_manager.go:476 msg="creating table" table=index_18622
[33mlog-stack-loki |[0m level=info ts=2021-01-24T15:02:46.5586948Z caller=table_manager.go:476 msg="creating table" table=index_18630
[33mlog-stack-loki |[0m level=info ts=2021-01-24T15:02:46.5587005Z caller=table_manager.go:476 msg="creating table" table=index_18639
[33mlog-stack-loki |[0m level=info ts=2021-01-24T15:02:46.5587049Z caller=table_manager.go:476 msg="creating table" table=index_18585
[33mlog-stack-loki |[0m level=info ts=2021-01-24T15:02:46.5587095Z caller=table_manager.go:476 msg="creating table" table=index_18591
[33mlog-stack-loki |[0m level=info ts=2021-01-24T15:02:46.5587157Z caller=table_manager.go:476 msg="creating table" table=index_18602
[33mlog-stack-loki |[0m level=info ts=2021-01-24T15:02:46.5587204Z caller=table_manager.go:476 msg="creating table" table=index_18603
[33mlog-stack-loki |[0m level=info ts=2021-01-24T15:02:46.5587257Z caller=table_manager.go:476 msg="creating table" table=index_18625
[33mlog-stack-loki |[0m level=info ts=2021-01-24T15:02:46.5587302Z caller=table_manager.go:476 msg="creating table" table=index_18635
[33mlog-stack-loki |[0m level=info ts=2021-01-24T15:02:46.5587346Z caller=table_manager.go:476 msg="creating table" table=index_18636
[33mlog-stack-loki |[0m level=info ts=2021-01-24T15:02:46.5587391Z caller=table_manager.go:476 msg="creating table" table=index_18648
[33mlog-stack-loki |[0m level=info ts=2021-01-24T15:02:46.5587436Z caller=table_manager.go:476 msg="creating table" table=index_18617
[33mlog-stack-loki |[0m level=info ts=2021-01-24T15:02:46.5587481Z caller=table_manager.go:476 msg="creating table" table=index_18560
[33mlog-stack-loki |[0m level=info ts=2021-01-24T15:02:46.5587543Z caller=table_manager.go:476 msg="creating table" table=index_18565
[33mlog-stack-loki |[0m level=info ts=2021-01-24T15:02:46.5587588Z caller=table_manager.go:476 msg="creating table" table=index_18570
[33mlog-stack-loki |[0m level=info ts=2021-01-24T15:02:46.5587631Z caller=table_manager.go:476 msg="creating table" table=index_18575
[33mlog-stack-loki |[0m level=info ts=2021-01-24T15:02:46.5587675Z caller=table_manager.go:476 msg="creating table" table=index_18577
[33mlog-stack-loki |[0m level=info ts=2021-01-24T15:02:46.5587718Z caller=table_manager.go:476 msg="creating table" table=index_18583
[33mlog-stack-loki |[0m level=info ts=2021-01-24T15:02:46.558808Z caller=table_manager.go:476 msg="creating table" table=index_18586
[33mlog-stack-loki |[0m level=info ts=2021-01-24T15:02:46.558812Z caller=table_manager.go:476 msg="creating table" table=index_18593
[33mlog-stack-loki |[0m level=info ts=2021-01-24T15:02:46.5588176Z caller=table_manager.go:476 msg="creating table" table=index_18651
[33mlog-stack-loki |[0m level=info ts=2021-01-24T15:02:46.5588217Z caller=table_manager.go:476 msg="creating table" table=index_18618
[33mlog-stack-loki |[0m level=info ts=2021-01-24T15:02:46.5588257Z caller=table_manager.go:476 msg="creating table" table=index_18628
[33mlog-stack-loki |[0m level=info ts=2021-01-24T15:02:46.5588503Z caller=table_manager.go:476 msg="creating table" table=index_18638
[33mlog-stack-loki |[0m level=info ts=2021-01-24T15:02:46.5588543Z caller=table_manager.go:476 msg="creating table" table=index_18573
[33mlog-stack-loki |[0m level=info ts=2021-01-24T15:02:46.5588582Z caller=table_manager.go:476 msg="creating table" table=index_18579
[33mlog-stack-loki |[0m level=info ts=2021-01-24T15:02:46.558862Z caller=table_manager.go:476 msg="creating table" table=index_18596
[33mlog-stack-loki |[0m level=info ts=2021-01-24T15:02:46.5588659Z caller=table_manager.go:476 msg="creating table" table=index_18611
[33mlog-stack-loki |[0m level=info ts=2021-01-24T15:02:46.5588701Z caller=table_manager.go:476 msg="creating table" table=index_18616
[33mlog-stack-loki |[0m level=info ts=2021-01-24T15:02:46.5588782Z caller=table_manager.go:476 msg="creating table" table=index_18620
[33mlog-stack-loki |[0m level=info ts=2021-01-24T15:02:46.5588855Z caller=table_manager.go:476 msg="creating table" table=index_18621
[33mlog-stack-loki |[0m level=info ts=2021-01-24T15:02:46.558897Z caller=table_manager.go:476 msg="creating table" table=index_18640
[33mlog-stack-loki |[0m level=info ts=2021-01-24T15:02:46.5589653Z caller=table_manager.go:476 msg="creating table" table=index_18645
[33mlog-stack-loki |[0m level=info ts=2021-01-24T15:02:46.5589727Z caller=table_manager.go:476 msg="creating table" table=index_18650
[33mlog-stack-loki |[0m level=info ts=2021-01-24T15:02:46.5589779Z caller=table_manager.go:476 msg="creating table" table=index_18561
[33mlog-stack-loki |[0m level=info ts=2021-01-24T15:02:46.5589821Z caller=table_manager.go:476 msg="creating table" table=index_18563
[33mlog-stack-loki |[0m level=info ts=2021-01-24T15:02:46.5590152Z caller=table_manager.go:476 msg="creating table" table=index_18572
[33mlog-stack-loki |[0m level=info ts=2021-01-24T15:02:46.5590218Z caller=table_manager.go:476 msg="creating table" table=index_18578
[33mlog-stack-loki |[0m level=info ts=2021-01-24T15:02:46.5590275Z caller=table_manager.go:476 msg="creating table" table=index_18597
[33mlog-stack-loki |[0m level=info ts=2021-01-24T15:02:46.5590314Z caller=table_manager.go:476 msg="creating table" table=index_18608
[33mlog-stack-loki |[0m level=info ts=2021-01-24T15:02:46.55905Z caller=table_manager.go:476 msg="creating table" table=index_18633
[33mlog-stack-loki |[0m level=info ts=2021-01-24T15:02:46.5590573Z caller=table_manager.go:476 msg="creating table" table=index_18589
[33mlog-stack-loki |[0m level=info ts=2021-01-24T15:02:46.5590618Z caller=table_manager.go:476 msg="creating table" table=index_18604
[33mlog-stack-loki |[0m level=info ts=2021-01-24T15:02:46.559066Z caller=table_manager.go:476 msg="creating table" table=index_18605
[33mlog-stack-loki |[0m level=info ts=2021-01-24T15:02:46.5590715Z caller=table_manager.go:476 msg="creating table" table=index_18641
[33mlog-stack-loki |[0m level=info ts=2021-01-24T15:02:46.5590763Z caller=table_manager.go:476 msg="creating table" table=index_18590
[33mlog-stack-loki |[0m level=info ts=2021-01-24T15:02:46.5590807Z caller=table_manager.go:476 msg="creating table" table=index_18592
[33mlog-stack-loki |[0m level=info ts=2021-01-24T15:02:46.559087Z caller=table_manager.go:476 msg="creating table" table=index_18595
[33mlog-stack-loki |[0m level=info ts=2021-01-24T15:02:46.5590914Z caller=table_manager.go:476 msg="creating table" table=index_18606
[33mlog-stack-loki |[0m level=info ts=2021-01-24T15:02:46.5591107Z caller=table_manager.go:476 msg="creating table" table=index_18613
[33mlog-stack-loki |[0m level=info ts=2021-01-24T15:02:46.5591179Z caller=table_manager.go:476 msg="creating table" table=index_18631
[33mlog-stack-loki |[0m level=info ts=2021-01-24T15:02:46.5591224Z caller=table_manager.go:476 msg="creating table" table=index_18569
[33mlog-stack-loki |[0m level=info ts=2021-01-24T15:02:46.559129Z caller=table_manager.go:476 msg="creating table" table=index_18594
[33mlog-stack-loki |[0m level=info ts=2021-01-24T15:02:46.5591733Z caller=table_manager.go:476 msg="creating table" table=index_18609
[33mlog-stack-loki |[0m level=info ts=2021-01-24T15:02:46.5591806Z caller=table_manager.go:476 msg="creating table" table=index_18612
[33mlog-stack-loki |[0m level=info ts=2021-01-24T15:02:46.5591847Z caller=table_manager.go:476 msg="creating table" table=index_18629
[33mlog-stack-loki |[0m level=info ts=2021-01-24T15:03:27.4609005Z caller=table_manager.go:155 msg="downloading all files for table index_18651"
[33mlog-stack-loki |[0m level=info ts=2021-01-24T15:03:46.5554489Z caller=table_manager.go:171 msg="uploading tables"
[33mlog-stack-loki |[0m level=info ts=2021-01-24T15:03:59.1164487Z caller=metrics.go:81 org_id=fake traceID=7eddc1f0328f6229 latency=fast query="{job=\"varlogs\"}" query_type=limited range_type=range length=1h0m1s step=2s duration=6.5813ms status=200 throughput_mb=89.52441 total_bytes_mb=0.589187
[33mlog-stack-loki |[0m level=info ts=2021-01-24T15:04:12.438482Z caller=metrics.go:81 org_id=fake traceID=3b391f5586740756 latency=fast query="{job=\"grafana\"}" query_type=limited range_type=range length=1h0m1s step=2s duration=740.4µs status=200 throughput_mb=0 total_bytes_mb=0
[33mlog-stack-loki |[0m level=info ts=2021-01-24T15:04:46.5556814Z caller=table_manager.go:171 msg="uploading tables"
[33mlog-stack-loki |[0m level=info ts=2021-01-24T15:04:46.5587535Z caller=table_manager.go:324 msg="synching tables" expected_tables=93
[33mlog-stack-loki |[0m level=info ts=2021-01-24T15:04:46.5588883Z caller=table_manager.go:476 msg="creating table" table=index_18590
[33mlog-stack-loki |[0m level=info ts=2021-01-24T15:04:46.5589038Z caller=table_manager.go:476 msg="creating table" table=index_18599
[33mlog-stack-loki |[0m level=info ts=2021-01-24T15:04:46.5589107Z caller=table_manager.go:476 msg="creating table" table=index_18625
[33mlog-stack-loki |[0m level=info ts=2021-01-24T15:04:46.5589183Z caller=table_manager.go:476 msg="creating table" table=index_18633
[33mlog-stack-loki |[0m level=info ts=2021-01-24T15:04:46.5589241Z caller=table_manager.go:476 msg="creating table" table=index_18559
[33mlog-stack-loki |[0m level=info ts=2021-01-24T15:04:46.5589298Z caller=table_manager.go:476 msg="creating table" table=index_18582
[33mlog-stack-loki |[0m level=info ts=2021-01-24T15:04:46.5589357Z caller=table_manager.go:476 msg="creating table" table=index_18581
[33mlog-stack-loki |[0m level=info ts=2021-01-24T15:04:46.558943Z caller=table_manager.go:476 msg="creating table" table=index_18623
[33mlog-stack-loki |[0m level=info ts=2021-01-24T15:04:46.5589489Z caller=table_manager.go:476 msg="creating table" table=index_18630
[33mlog-stack-loki |[0m level=info ts=2021-01-24T15:04:46.5589583Z caller=table_manager.go:476 msg="creating table" table=index_18568
[33mlog-stack-loki |[0m level=info ts=2021-01-24T15:04:46.5589644Z caller=table_manager.go:476 msg="creating table" table=index_18575
[33mlog-stack-loki |[0m level=info ts=2021-01-24T15:04:46.5589711Z caller=table_manager.go:476 msg="creating table" table=index_18606
[33mlog-stack-loki |[0m level=info ts=2021-01-24T15:04:46.5589769Z caller=table_manager.go:476 msg="creating table" table=index_18607
[33mlog-stack-loki |[0m level=info ts=2021-01-24T15:04:46.5589834Z caller=table_manager.go:476 msg="creating table" table=index_18611
[33mlog-stack-loki |[0m level=info ts=2021-01-24T15:04:46.5589892Z caller=table_manager.go:476 msg="creating table" table=index_18614
[33mlog-stack-loki |[0m level=info ts=2021-01-24T15:04:46.5589956Z caller=table_manager.go:476 msg="creating table" table=index_18615
[33mlog-stack-loki |[0m level=info ts=2021-01-24T15:04:46.5590015Z caller=table_manager.go:476 msg="creating table" table=index_18617
[33mlog-stack-loki |[0m level=info ts=2021-01-24T15:04:46.5590326Z caller=table_manager.go:476 msg="creating table" table=index_18594
[33mlog-stack-loki |[0m level=info ts=2021-01-24T15:04:46.5590445Z caller=table_manager.go:476 msg="creating table" table=index_18602
[33mlog-stack-loki |[0m level=info ts=2021-01-24T15:04:46.5590516Z caller=table_manager.go:476 msg="creating table" table=index_18637
[33mlog-stack-loki |[0m level=info ts=2021-01-24T15:04:46.5590584Z caller=table_manager.go:476 msg="creating table" table=index_18643
[33mlog-stack-loki |[0m level=info ts=2021-01-24T15:04:46.5590668Z caller=table_manager.go:476 msg="creating table" table=index_18650
[33mlog-stack-loki |[0m level=info ts=2021-01-24T15:04:46.5590739Z caller=table_manager.go:476 msg="creating table" table=index_18632
[33mlog-stack-loki |[0m level=info ts=2021-01-24T15:04:46.5590831Z caller=table_manager.go:476 msg="creating table" table=index_18634
[33mlog-stack-loki |[0m level=info ts=2021-01-24T15:04:46.5590899Z caller=table_manager.go:476 msg="creating table" table=index_18574
[33mlog-stack-loki |[0m level=info ts=2021-01-24T15:04:46.5591509Z caller=table_manager.go:476 msg="creating table" table=index_18579
[33mlog-stack-loki |[0m level=info ts=2021-01-24T15:04:46.5591676Z caller=table_manager.go:476 msg="creating table" table=index_18605
[33mlog-stack-loki |[0m level=info ts=2021-01-24T15:04:46.5591789Z caller=table_manager.go:476 msg="creating table" table=index_18629
[33mlog-stack-loki |[0m level=info ts=2021-01-24T15:04:46.5591902Z caller=table_manager.go:476 msg="creating table" table=index_18648
[33mlog-stack-loki |[0m level=info ts=2021-01-24T15:04:46.5592033Z caller=table_manager.go:476 msg="creating table" table=index_18600
[33mlog-stack-loki |[0m level=info ts=2021-01-24T15:04:46.5592184Z caller=table_manager.go:476 msg="creating table" table=index_18604
[33mlog-stack-loki |[0m level=info ts=2021-01-24T15:04:46.5592248Z caller=table_manager.go:476 msg="creating table" table=index_18595
[33mlog-stack-loki |[0m level=info ts=2021-01-24T15:04:46.5592307Z caller=table_manager.go:476 msg="creating table" table=index_18596
[33mlog-stack-loki |[0m level=info ts=2021-01-24T15:04:46.5592364Z caller=table_manager.go:476 msg="creating table" table=index_18624
[33mlog-stack-loki |[0m level=info ts=2021-01-24T15:04:46.5592455Z caller=table_manager.go:476 msg="creating table" table=index_18635
[33mlog-stack-loki |[0m level=info ts=2021-01-24T15:04:46.5592517Z caller=table_manager.go:476 msg="creating table" table=index_18636
[33mlog-stack-loki |[0m level=info ts=2021-01-24T15:04:46.5592574Z caller=table_manager.go:476 msg="creating table" table=index_18564
[33mlog-stack-loki |[0m level=info ts=2021-01-24T15:04:46.559263Z caller=table_manager.go:476 msg="creating table" table=index_18567
[33mlog-stack-loki |[0m level=info ts=2021-01-24T15:04:46.5592686Z caller=table_manager.go:476 msg="creating table" table=index_18616
[33mlog-stack-loki |[0m level=info ts=2021-01-24T15:04:46.5592742Z caller=table_manager.go:476 msg="creating table" table=index_18622
[33mlog-stack-loki |[0m level=info ts=2021-01-24T15:04:46.5592798Z caller=table_manager.go:476 msg="creating table" table=index_18631
[33mlog-stack-loki |[0m level=info ts=2021-01-24T15:04:46.5592856Z caller=table_manager.go:476 msg="creating table" table=index_18642
[33mlog-stack-loki |[0m level=info ts=2021-01-24T15:04:46.5592913Z caller=table_manager.go:476 msg="creating table" table=index_18647
[33mlog-stack-loki |[0m level=info ts=2021-01-24T15:04:46.5592969Z caller=table_manager.go:476 msg="creating table" table=index_18584
[33mlog-stack-loki |[0m level=info ts=2021-01-24T15:04:46.5593027Z caller=table_manager.go:476 msg="creating table" table=index_18603
[33mlog-stack-loki |[0m level=info ts=2021-01-24T15:04:46.5593084Z caller=table_manager.go:476 msg="creating table" table=index_18598
[33mlog-stack-loki |[0m level=info ts=2021-01-24T15:04:46.5593161Z caller=table_manager.go:476 msg="creating table" table=index_18626
[33mlog-stack-loki |[0m level=info ts=2021-01-24T15:04:46.5593244Z caller=table_manager.go:476 msg="creating table" table=index_18638
[33mlog-stack-loki |[0m level=info ts=2021-01-24T15:04:46.5593304Z caller=table_manager.go:476 msg="creating table" table=index_18641
[33mlog-stack-loki |[0m level=info ts=2021-01-24T15:04:46.5593362Z caller=table_manager.go:476 msg="creating table" table=index_18571
[33mlog-stack-loki |[0m level=info ts=2021-01-24T15:04:46.5593417Z caller=table_manager.go:476 msg="creating table" table=index_18587
[33mlog-stack-loki |[0m level=info ts=2021-01-24T15:04:46.5593473Z caller=table_manager.go:476 msg="creating table" table=index_18593
[33mlog-stack-loki |[0m level=info ts=2021-01-24T15:04:46.559353Z caller=table_manager.go:476 msg="creating table" table=index_18639
[33mlog-stack-loki |[0m level=info ts=2021-01-24T15:04:46.5593586Z caller=table_manager.go:476 msg="creating table" table=index_18644
[33mlog-stack-loki |[0m level=info ts=2021-01-24T15:04:46.5593655Z caller=table_manager.go:476 msg="creating table" table=index_18565
[33mlog-stack-loki |[0m level=info ts=2021-01-24T15:04:46.5593713Z caller=table_manager.go:476 msg="creating table" table=index_18580
[33mlog-stack-loki |[0m level=info ts=2021-01-24T15:04:46.559377Z caller=table_manager.go:476 msg="creating table" table=index_18569
[33mlog-stack-loki |[0m level=info ts=2021-01-24T15:04:46.5593826Z caller=table_manager.go:476 msg="creating table" table=index_18573
[33mlog-stack-loki |[0m level=info ts=2021-01-24T15:04:46.5593883Z caller=table_manager.go:476 msg="creating table" table=index_18601
[33mlog-stack-loki |[0m level=info ts=2021-01-24T15:04:46.5593939Z caller=table_manager.go:476 msg="creating table" table=index_18618
[33mlog-stack-loki |[0m level=info ts=2021-01-24T15:04:46.5593995Z caller=table_manager.go:476 msg="creating table" table=index_18620
[33mlog-stack-loki |[0m level=info ts=2021-01-24T15:04:46.5594079Z caller=table_manager.go:476 msg="creating table" table=index_18640
[33mlog-stack-loki |[0m level=info ts=2021-01-24T15:04:46.5594138Z caller=table_manager.go:476 msg="creating table" table=index_18560
[33mlog-stack-loki |[0m level=info ts=2021-01-24T15:04:46.5594214Z caller=table_manager.go:476 msg="creating table" table=index_18561
[33mlog-stack-loki |[0m level=info ts=2021-01-24T15:04:46.5594531Z caller=table_manager.go:476 msg="creating table" table=index_18572
[33mlog-stack-loki |[0m level=info ts=2021-01-24T15:04:46.5594645Z caller=table_manager.go:476 msg="creating table" table=index_18610
[33mlog-stack-loki |[0m level=info ts=2021-01-24T15:04:46.5594714Z caller=table_manager.go:476 msg="creating table" table=index_18562
[33mlog-stack-loki |[0m level=info ts=2021-01-24T15:04:46.5594781Z caller=table_manager.go:476 msg="creating table" table=index_18570
[33mlog-stack-loki |[0m level=info ts=2021-01-24T15:04:46.5594845Z caller=table_manager.go:476 msg="creating table" table=index_18612
[33mlog-stack-loki |[0m level=info ts=2021-01-24T15:04:46.5594909Z caller=table_manager.go:476 msg="creating table" table=index_18613
[33mlog-stack-loki |[0m level=info ts=2021-01-24T15:04:46.5594991Z caller=table_manager.go:476 msg="creating table" table=index_18645
[33mlog-stack-loki |[0m level=info ts=2021-01-24T15:04:46.5595061Z caller=table_manager.go:476 msg="creating table" table=index_18566
[33mlog-stack-loki |[0m level=info ts=2021-01-24T15:04:46.5595129Z caller=table_manager.go:476 msg="creating table" table=index_18576
[33mlog-stack-loki |[0m level=info ts=2021-01-24T15:04:46.5595194Z caller=table_manager.go:476 msg="creating table" table=index_18585
[33mlog-stack-loki |[0m level=info ts=2021-01-24T15:04:46.5595259Z caller=table_manager.go:476 msg="creating table" table=index_18597
[33mlog-stack-loki |[0m level=info ts=2021-01-24T15:04:46.5595327Z caller=table_manager.go:476 msg="creating table" table=index_18621
[33mlog-stack-loki |[0m level=info ts=2021-01-24T15:04:46.5595392Z caller=table_manager.go:476 msg="creating table" table=index_18628
[33mlog-stack-loki |[0m level=info ts=2021-01-24T15:04:46.5595457Z caller=table_manager.go:476 msg="creating table" table=index_18646
[33mlog-stack-loki |[0m level=info ts=2021-01-24T15:04:46.5595537Z caller=table_manager.go:476 msg="creating table" table=index_18651
[33mlog-stack-loki |[0m level=info ts=2021-01-24T15:04:46.55956Z caller=table_manager.go:476 msg="creating table" table=index_18578
[33mlog-stack-loki |[0m level=info ts=2021-01-24T15:04:46.5595681Z caller=table_manager.go:476 msg="creating table" table=index_18583
[33mlog-stack-loki |[0m level=info ts=2021-01-24T15:04:46.5595749Z caller=table_manager.go:476 msg="creating table" table=index_18591
[33mlog-stack-loki |[0m level=info ts=2021-01-24T15:04:46.5595823Z caller=table_manager.go:476 msg="creating table" table=index_18563
[33mlog-stack-loki |[0m level=info ts=2021-01-24T15:04:46.5595891Z caller=table_manager.go:476 msg="creating table" table=index_18589
[33mlog-stack-loki |[0m level=info ts=2021-01-24T15:04:46.5595953Z caller=table_manager.go:476 msg="creating table" table=index_18608
[33mlog-stack-loki |[0m level=info ts=2021-01-24T15:04:46.5596039Z caller=table_manager.go:476 msg="creating table" table=index_18619
[33mlog-stack-loki |[0m level=info ts=2021-01-24T15:04:46.5596105Z caller=table_manager.go:476 msg="creating table" table=index_18627
[33mlog-stack-loki |[0m level=info ts=2021-01-24T15:04:46.559617Z caller=table_manager.go:476 msg="creating table" table=index_18577
[33mlog-stack-loki |[0m level=info ts=2021-01-24T15:04:46.5596275Z caller=table_manager.go:476 msg="creating table" table=index_18586
[33mlog-stack-loki |[0m level=info ts=2021-01-24T15:04:46.5596344Z caller=table_manager.go:476 msg="creating table" table=index_18609
[33mlog-stack-loki |[0m level=info ts=2021-01-24T15:04:46.5596407Z caller=table_manager.go:476 msg="creating table" table=index_18649
[33mlog-stack-loki |[0m level=info ts=2021-01-24T15:04:46.5596472Z caller=table_manager.go:476 msg="creating table" table=index_18588
[33mlog-stack-loki |[0m level=info ts=2021-01-24T15:04:46.5596542Z caller=table_manager.go:476 msg="creating table" table=index_18592
[33mlog-stack-loki |[0m level=info ts=2021-01-24T15:05:46.5554047Z caller=table_manager.go:171 msg="uploading tables"
[33mlog-stack-loki |[0m level=info ts=2021-01-24T15:06:46.5553121Z caller=table_manager.go:171 msg="uploading tables"
[33mlog-stack-loki |[0m level=info ts=2021-01-24T15:06:46.5588427Z caller=table_manager.go:324 msg="synching tables" expected_tables=93
[33mlog-stack-loki |[0m level=info ts=2021-01-24T15:06:46.5589497Z caller=table_manager.go:476 msg="creating table" table=index_18586
[33mlog-stack-loki |[0m level=info ts=2021-01-24T15:06:46.5589664Z caller=table_manager.go:476 msg="creating table" table=index_18627
[33mlog-stack-loki |[0m level=info ts=2021-01-24T15:06:46.5589734Z caller=table_manager.go:476 msg="creating table" table=index_18651
[33mlog-stack-loki |[0m level=info ts=2021-01-24T15:06:46.5589793Z caller=table_manager.go:476 msg="creating table" table=index_18593
[33mlog-stack-loki |[0m level=info ts=2021-01-24T15:06:46.5589851Z caller=table_manager.go:476 msg="creating table" table=index_18604
[33mlog-stack-loki |[0m level=info ts=2021-01-24T15:06:46.5589908Z caller=table_manager.go:476 msg="creating table" table=index_18610
[33mlog-stack-loki |[0m level=info ts=2021-01-24T15:06:46.5589968Z caller=table_manager.go:476 msg="creating table" table=index_18615
[33mlog-stack-loki |[0m level=info ts=2021-01-24T15:06:46.5590028Z caller=table_manager.go:476 msg="creating table" table=index_18634
[33mlog-stack-loki |[0m level=info ts=2021-01-24T15:06:46.5590092Z caller=table_manager.go:476 msg="creating table" table=index_18641
[33mlog-stack-loki |[0m level=info ts=2021-01-24T15:06:46.5590157Z caller=table_manager.go:476 msg="creating table" table=index_18642
[33mlog-stack-loki |[0m level=info ts=2021-01-24T15:06:46.559022Z caller=table_manager.go:476 msg="creating table" table=index_18580
[33mlog-stack-loki |[0m level=info ts=2021-01-24T15:06:46.5590299Z caller=table_manager.go:476 msg="creating table" table=index_18619
[33mlog-stack-loki |[0m level=info ts=2021-01-24T15:06:46.559036Z caller=table_manager.go:476 msg="creating table" table=index_18626
[33mlog-stack-loki |[0m level=info ts=2021-01-24T15:06:46.5590719Z caller=table_manager.go:476 msg="creating table" table=index_18636
[33mlog-stack-loki |[0m level=info ts=2021-01-24T15:06:46.5590842Z caller=table_manager.go:476 msg="creating table" table=index_18609
[33mlog-stack-loki |[0m level=info ts=2021-01-24T15:06:46.5590918Z caller=table_manager.go:476 msg="creating table" table=index_18621
[33mlog-stack-loki |[0m level=info ts=2021-01-24T15:06:46.5590987Z caller=table_manager.go:476 msg="creating table" table=index_18647
[33mlog-stack-loki |[0m level=info ts=2021-01-24T15:06:46.5591069Z caller=table_manager.go:476 msg="creating table" table=index_18569
[33mlog-stack-loki |[0m level=info ts=2021-01-24T15:06:46.5591142Z caller=table_manager.go:476 msg="creating table" table=index_18577
[33mlog-stack-loki |[0m level=info ts=2021-01-24T15:06:46.5591212Z caller=table_manager.go:476 msg="creating table" table=index_18598
[33mlog-stack-loki |[0m level=info ts=2021-01-24T15:06:46.5591277Z caller=table_manager.go:476 msg="creating table" table=index_18601
[33mlog-stack-loki |[0m level=info ts=2021-01-24T15:06:46.559134Z caller=table_manager.go:476 msg="creating table" table=index_18650
[33mlog-stack-loki |[0m level=info ts=2021-01-24T15:06:46.5591427Z caller=table_manager.go:476 msg="creating table" table=index_18638
[33mlog-stack-loki |[0m level=info ts=2021-01-24T15:06:46.5591495Z caller=table_manager.go:476 msg="creating table" table=index_18563
[33mlog-stack-loki |[0m level=info ts=2021-01-24T15:06:46.5591564Z caller=table_manager.go:476 msg="creating table" table=index_18578
[33mlog-stack-loki |[0m level=info ts=2021-01-24T15:06:46.5591632Z caller=table_manager.go:476 msg="creating table" table=index_18597
[33mlog-stack-loki |[0m level=info ts=2021-01-24T15:06:46.5591697Z caller=table_manager.go:476 msg="creating table" table=index_18605
[33mlog-stack-loki |[0m level=info ts=2021-01-24T15:06:46.5591762Z caller=table_manager.go:476 msg="creating table" table=index_18614
[33mlog-stack-loki |[0m level=info ts=2021-01-24T15:06:46.5591828Z caller=table_manager.go:476 msg="creating table" table=index_18624
[33mlog-stack-loki |[0m level=info ts=2021-01-24T15:06:46.5591894Z caller=table_manager.go:476 msg="creating table" table=index_18630
[33mlog-stack-loki |[0m level=info ts=2021-01-24T15:06:46.5592Z caller=table_manager.go:476 msg="creating table" table=index_18649
[33mlog-stack-loki |[0m level=info ts=2021-01-24T15:06:46.559207Z caller=table_manager.go:476 msg="creating table" table=index_18648
[33mlog-stack-loki |[0m level=info ts=2021-01-24T15:06:46.5592373Z caller=table_manager.go:476 msg="creating table" table=index_18570
[33mlog-stack-loki |[0m level=info ts=2021-01-24T15:06:46.5592487Z caller=table_manager.go:476 msg="creating table" table=index_18573
[33mlog-stack-loki |[0m level=info ts=2021-01-24T15:06:46.5592556Z caller=table_manager.go:476 msg="creating table" table=index_18603
[33mlog-stack-loki |[0m level=info ts=2021-01-24T15:06:46.5592622Z caller=table_manager.go:476 msg="creating table" table=index_18606
[33mlog-stack-loki |[0m level=info ts=2021-01-24T15:06:46.5592688Z caller=table_manager.go:476 msg="creating table" table=index_18607
[33mlog-stack-loki |[0m level=info ts=2021-01-24T15:06:46.5592753Z caller=table_manager.go:476 msg="creating table" table=index_18629
[33mlog-stack-loki |[0m level=info ts=2021-01-24T15:06:46.559282Z caller=table_manager.go:476 msg="creating table" table=index_18644
[33mlog-stack-loki |[0m level=info ts=2021-01-24T15:06:46.5592913Z caller=table_manager.go:476 msg="creating table" table=index_18560
[33mlog-stack-loki |[0m level=info ts=2021-01-24T15:06:46.5592981Z caller=table_manager.go:476 msg="creating table" table=index_18567
[33mlog-stack-loki |[0m level=info ts=2021-01-24T15:06:46.5593287Z caller=table_manager.go:476 msg="creating table" table=index_18584
[33mlog-stack-loki |[0m level=info ts=2021-01-24T15:06:46.5593402Z caller=table_manager.go:476 msg="creating table" table=index_18585
[33mlog-stack-loki |[0m level=info ts=2021-01-24T15:06:46.5593474Z caller=table_manager.go:476 msg="creating table" table=index_18595
[33mlog-stack-loki |[0m level=info ts=2021-01-24T15:06:46.5593541Z caller=table_manager.go:476 msg="creating table" table=index_18612
[33mlog-stack-loki |[0m level=info ts=2021-01-24T15:06:46.5593607Z caller=table_manager.go:476 msg="creating table" table=index_18562
[33mlog-stack-loki |[0m level=info ts=2021-01-24T15:06:46.5593673Z caller=table_manager.go:476 msg="creating table" table=index_18564
[33mlog-stack-loki |[0m level=info ts=2021-01-24T15:06:46.5593748Z caller=table_manager.go:476 msg="creating table" table=index_18576
[33mlog-stack-loki |[0m level=info ts=2021-01-24T15:06:46.5593821Z caller=table_manager.go:476 msg="creating table" table=index_18582
[33mlog-stack-loki |[0m level=info ts=2021-01-24T15:06:46.5593888Z caller=table_manager.go:476 msg="creating table" table=index_18602
[33mlog-stack-loki |[0m level=info ts=2021-01-24T15:06:46.5593974Z caller=table_manager.go:476 msg="creating table" table=index_18645
[33mlog-stack-loki |[0m level=info ts=2021-01-24T15:06:46.5594043Z caller=table_manager.go:476 msg="creating table" table=index_18568
[33mlog-stack-loki |[0m level=info ts=2021-01-24T15:06:46.5594342Z caller=table_manager.go:476 msg="creating table" table=index_18587
[33mlog-stack-loki |[0m level=info ts=2021-01-24T15:06:46.5594457Z caller=table_manager.go:476 msg="creating table" table=index_18613
[33mlog-stack-loki |[0m level=info ts=2021-01-24T15:06:46.5594533Z caller=table_manager.go:476 msg="creating table" table=index_18640
[33mlog-stack-loki |[0m level=info ts=2021-01-24T15:06:46.5594599Z caller=table_manager.go:476 msg="creating table" table=index_18600
[33mlog-stack-loki |[0m level=info ts=2021-01-24T15:06:46.5594664Z caller=table_manager.go:476 msg="creating table" table=index_18559
[33mlog-stack-loki |[0m level=info ts=2021-01-24T15:06:46.5594763Z caller=table_manager.go:476 msg="creating table" table=index_18561
[33mlog-stack-loki |[0m level=info ts=2021-01-24T15:06:46.5594837Z caller=table_manager.go:476 msg="creating table" table=index_18575
[33mlog-stack-loki |[0m level=info ts=2021-01-24T15:06:46.5595137Z caller=table_manager.go:476 msg="creating table" table=index_18579
[33mlog-stack-loki |[0m level=info ts=2021-01-24T15:06:46.5595252Z caller=table_manager.go:476 msg="creating table" table=index_18589
[33mlog-stack-loki |[0m level=info ts=2021-01-24T15:06:46.5595342Z caller=table_manager.go:476 msg="creating table" table=index_18591
[33mlog-stack-loki |[0m level=info ts=2021-01-24T15:06:46.559541Z caller=table_manager.go:476 msg="creating table" table=index_18596
[33mlog-stack-loki |[0m level=info ts=2021-01-24T15:06:46.5595477Z caller=table_manager.go:476 msg="creating table" table=index_18628
[33mlog-stack-loki |[0m level=info ts=2021-01-24T15:06:46.5595542Z caller=table_manager.go:476 msg="creating table" table=index_18631
[33mlog-stack-loki |[0m level=info ts=2021-01-24T15:06:46.5595611Z caller=table_manager.go:476 msg="creating table" table=index_18643
[33mlog-stack-loki |[0m level=info ts=2021-01-24T15:06:46.5595675Z caller=table_manager.go:476 msg="creating table" table=index_18572
[33mlog-stack-loki |[0m level=info ts=2021-01-24T15:06:46.5595741Z caller=table_manager.go:476 msg="creating table" table=index_18581
[33mlog-stack-loki |[0m level=info ts=2021-01-24T15:06:46.5595807Z caller=table_manager.go:476 msg="creating table" table=index_18592
[33mlog-stack-loki |[0m level=info ts=2021-01-24T15:06:46.5595907Z caller=table_manager.go:476 msg="creating table" table=index_18620
[33mlog-stack-loki |[0m level=info ts=2021-01-24T15:06:46.5595976Z caller=table_manager.go:476 msg="creating table" table=index_18635
[33mlog-stack-loki |[0m level=info ts=2021-01-24T15:06:46.5596043Z caller=table_manager.go:476 msg="creating table" table=index_18566
[33mlog-stack-loki |[0m level=info ts=2021-01-24T15:06:46.5596111Z caller=table_manager.go:476 msg="creating table" table=index_18574
[33mlog-stack-loki |[0m level=info ts=2021-01-24T15:06:46.5596178Z caller=table_manager.go:476 msg="creating table" table=index_18594
[33mlog-stack-loki |[0m level=info ts=2021-01-24T15:06:46.559648Z caller=table_manager.go:476 msg="creating table" table=index_18622
[33mlog-stack-loki |[0m level=info ts=2021-01-24T15:06:46.5596593Z caller=table_manager.go:476 msg="creating table" table=index_18623
[33mlog-stack-loki |[0m level=info ts=2021-01-24T15:06:46.5596672Z caller=table_manager.go:476 msg="creating table" table=index_18625
[33mlog-stack-loki |[0m level=info ts=2021-01-24T15:06:46.5596739Z caller=table_manager.go:476 msg="creating table" table=index_18639
[33mlog-stack-loki |[0m level=info ts=2021-01-24T15:06:46.5596805Z caller=table_manager.go:476 msg="creating table" table=index_18565
[33mlog-stack-loki |[0m level=info ts=2021-01-24T15:06:46.559687Z caller=table_manager.go:476 msg="creating table" table=index_18588
[33mlog-stack-loki |[0m level=info ts=2021-01-24T15:06:46.5596963Z caller=table_manager.go:476 msg="creating table" table=index_18590
[33mlog-stack-loki |[0m level=info ts=2021-01-24T15:06:46.5597272Z caller=table_manager.go:476 msg="creating table" table=index_18599
[33mlog-stack-loki |[0m level=info ts=2021-01-24T15:06:46.5597389Z caller=table_manager.go:476 msg="creating table" table=index_18617
[33mlog-stack-loki |[0m level=info ts=2021-01-24T15:06:46.559746Z caller=table_manager.go:476 msg="creating table" table=index_18632
[33mlog-stack-loki |[0m level=info ts=2021-01-24T15:06:46.5597526Z caller=table_manager.go:476 msg="creating table" table=index_18633
[33mlog-stack-loki |[0m level=info ts=2021-01-24T15:06:46.5597605Z caller=table_manager.go:476 msg="creating table" table=index_18646
[33mlog-stack-loki |[0m level=info ts=2021-01-24T15:06:46.5597674Z caller=table_manager.go:476 msg="creating table" table=index_18571
[33mlog-stack-loki |[0m level=info ts=2021-01-24T15:06:46.5597972Z caller=table_manager.go:476 msg="creating table" table=index_18583
[33mlog-stack-loki |[0m level=info ts=2021-01-24T15:06:46.5598096Z caller=table_manager.go:476 msg="creating table" table=index_18608
[33mlog-stack-loki |[0m level=info ts=2021-01-24T15:06:46.5598179Z caller=table_manager.go:476 msg="creating table" table=index_18611
[33mlog-stack-loki |[0m level=info ts=2021-01-24T15:06:46.5598249Z caller=table_manager.go:476 msg="creating table" table=index_18616
[33mlog-stack-loki |[0m level=info ts=2021-01-24T15:06:46.5598315Z caller=table_manager.go:476 msg="creating table" table=index_18618
[33mlog-stack-loki |[0m level=info ts=2021-01-24T15:06:46.5598382Z caller=table_manager.go:476 msg="creating table" table=index_18637
[33mlog-stack-loki |[0m level=info ts=2021-01-24T15:07:46.5553369Z caller=table_manager.go:171 msg="uploading tables"
[33mlog-stack-loki |[0m level=info ts=2021-01-24T15:07:46.5556714Z caller=table_manager.go:181 msg="syncing tables"
[33mlog-stack-loki |[0m level=info ts=2021-01-24T15:08:46.5553146Z caller=table_manager.go:171 msg="uploading tables"
[33mlog-stack-loki |[0m level=info ts=2021-01-24T15:08:46.5586218Z caller=table_manager.go:324 msg="synching tables" expected_tables=93
[33mlog-stack-loki |[0m level=info ts=2021-01-24T15:08:46.5587358Z caller=table_manager.go:476 msg="creating table" table=index_18577
[33mlog-stack-loki |[0m level=info ts=2021-01-24T15:08:46.5587494Z caller=table_manager.go:476 msg="creating table" table=index_18599
[33mlog-stack-loki |[0m level=info ts=2021-01-24T15:08:46.5587566Z caller=table_manager.go:476 msg="creating table" table=index_18603
[33mlog-stack-loki |[0m level=info ts=2021-01-24T15:08:46.5587636Z caller=table_manager.go:476 msg="creating table" table=index_18627
[33mlog-stack-loki |[0m level=info ts=2021-01-24T15:08:46.5587702Z caller=table_manager.go:476 msg="creating table" table=index_18647
[33mlog-stack-loki |[0m level=info ts=2021-01-24T15:08:46.5587769Z caller=table_manager.go:476 msg="creating table" table=index_18609
[33mlog-stack-loki |[0m level=info ts=2021-01-24T15:08:46.5587872Z caller=table_manager.go:476 msg="creating table" table=index_18576
[33mlog-stack-loki |[0m level=info ts=2021-01-24T15:08:46.5587942Z caller=table_manager.go:476 msg="creating table" table=index_18580
[33mlog-stack-loki |[0m level=info ts=2021-01-24T15:08:46.558826Z caller=table_manager.go:476 msg="creating table" table=index_18581
[33mlog-stack-loki |[0m level=info ts=2021-01-24T15:08:46.5588383Z caller=table_manager.go:476 msg="creating table" table=index_18595
[33mlog-stack-loki |[0m level=info ts=2021-01-24T15:08:46.5588453Z caller=table_manager.go:476 msg="creating table" table=index_18596
[33mlog-stack-loki |[0m level=info ts=2021-01-24T15:08:46.5588543Z caller=table_manager.go:476 msg="creating table" table=index_18600
[33mlog-stack-loki |[0m level=info ts=2021-01-24T15:08:46.558861Z caller=table_manager.go:476 msg="creating table" table=index_18607
[33mlog-stack-loki |[0m level=info ts=2021-01-24T15:08:46.5588917Z caller=table_manager.go:476 msg="creating table" table=index_18610
[33mlog-stack-loki |[0m level=info ts=2021-01-24T15:08:46.5589032Z caller=table_manager.go:476 msg="creating table" table=index_18620
[33mlog-stack-loki |[0m level=info ts=2021-01-24T15:08:46.5589103Z caller=table_manager.go:476 msg="creating table" table=index_18574
[33mlog-stack-loki |[0m level=info ts=2021-01-24T15:08:46.5589172Z caller=table_manager.go:476 msg="creating table" table=index_18579
[33mlog-stack-loki |[0m level=info ts=2021-01-24T15:08:46.5589237Z caller=table_manager.go:476 msg="creating table" table=index_18604
[33mlog-stack-loki |[0m level=info ts=2021-01-24T15:08:46.5589308Z caller=table_manager.go:476 msg="creating table" table=index_18648
[33mlog-stack-loki |[0m level=info ts=2021-01-24T15:08:46.5589373Z caller=table_manager.go:476 msg="creating table" table=index_18560
[33mlog-stack-loki |[0m level=info ts=2021-01-24T15:08:46.5589438Z caller=table_manager.go:476 msg="creating table" table=index_18568
[33mlog-stack-loki |[0m level=info ts=2021-01-24T15:08:46.5589504Z caller=table_manager.go:476 msg="creating table" table=index_18617
[33mlog-stack-loki |[0m level=info ts=2021-01-24T15:08:46.5589566Z caller=table_manager.go:476 msg="creating table" table=index_18629
[33mlog-stack-loki |[0m level=info ts=2021-01-24T15:08:46.5589629Z caller=table_manager.go:476 msg="creating table" table=index_18631
[33mlog-stack-loki |[0m level=info ts=2021-01-24T15:08:46.5589695Z caller=table_manager.go:476 msg="creating table" table=index_18638
[33mlog-stack-loki |[0m level=info ts=2021-01-24T15:08:46.5589755Z caller=table_manager.go:476 msg="creating table" table=index_18649
[33mlog-stack-loki |[0m level=info ts=2021-01-24T15:08:46.5589842Z caller=table_manager.go:476 msg="creating table" table=index_18559
[33mlog-stack-loki |[0m level=info ts=2021-01-24T15:08:46.5589909Z caller=table_manager.go:476 msg="creating table" table=index_18563
[33mlog-stack-loki |[0m level=info ts=2021-01-24T15:08:46.5590211Z caller=table_manager.go:476 msg="creating table" table=index_18569
[33mlog-stack-loki |[0m level=info ts=2021-01-24T15:08:46.5590342Z caller=table_manager.go:476 msg="creating table" table=index_18613
[33mlog-stack-loki |[0m level=info ts=2021-01-24T15:08:46.5590414Z caller=table_manager.go:476 msg="creating table" table=index_18628
[33mlog-stack-loki |[0m level=info ts=2021-01-24T15:08:46.5590481Z caller=table_manager.go:476 msg="creating table" table=index_18646
[33mlog-stack-loki |[0m level=info ts=2021-01-24T15:08:46.5590545Z caller=table_manager.go:476 msg="creating table" table=index_18651
[33mlog-stack-loki |[0m level=info ts=2021-01-24T15:08:46.5590612Z caller=table_manager.go:476 msg="creating table" table=index_18625
[33mlog-stack-loki |[0m level=info ts=2021-01-24T15:08:46.5590706Z caller=table_manager.go:476 msg="creating table" table=index_18561
[33mlog-stack-loki |[0m level=info ts=2021-01-24T15:08:46.5590774Z caller=table_manager.go:476 msg="creating table" table=index_18566
[33mlog-stack-loki |[0m level=info ts=2021-01-24T15:08:46.5591076Z caller=table_manager.go:476 msg="creating table" table=index_18567
[33mlog-stack-loki |[0m level=info ts=2021-01-24T15:08:46.5591186Z caller=table_manager.go:476 msg="creating table" table=index_18575
[33mlog-stack-loki |[0m level=info ts=2021-01-24T15:08:46.5591252Z caller=table_manager.go:476 msg="creating table" table=index_18589
[33mlog-stack-loki |[0m level=info ts=2021-01-24T15:08:46.5591313Z caller=table_manager.go:476 msg="creating table" table=index_18602
[33mlog-stack-loki |[0m level=info ts=2021-01-24T15:08:46.5591374Z caller=table_manager.go:476 msg="creating table" table=index_18619
[33mlog-stack-loki |[0m level=info ts=2021-01-24T15:08:46.5592011Z caller=table_manager.go:476 msg="creating table" table=index_18637
[33mlog-stack-loki |[0m level=info ts=2021-01-24T15:08:46.5592181Z caller=table_manager.go:476 msg="creating table" table=index_18565
[33mlog-stack-loki |[0m level=info ts=2021-01-24T15:08:46.5592296Z caller=table_manager.go:476 msg="creating table" table=index_18578
[33mlog-stack-loki |[0m level=info ts=2021-01-24T15:08:46.55924Z caller=table_manager.go:476 msg="creating table" table=index_18585
[33mlog-stack-loki |[0m level=info ts=2021-01-24T15:08:46.559249Z caller=table_manager.go:476 msg="creating table" table=index_18608
[33mlog-stack-loki |[0m level=info ts=2021-01-24T15:08:46.5592576Z caller=table_manager.go:476 msg="creating table" table=index_18623
[33mlog-stack-loki |[0m level=info ts=2021-01-24T15:08:46.5592739Z caller=table_manager.go:476 msg="creating table" table=index_18626
[33mlog-stack-loki |[0m level=info ts=2021-01-24T15:08:46.559289Z caller=table_manager.go:476 msg="creating table" table=index_18634
[33mlog-stack-loki |[0m level=info ts=2021-01-24T15:08:46.5592969Z caller=table_manager.go:476 msg="creating table" table=index_18640
[33mlog-stack-loki |[0m level=info ts=2021-01-24T15:08:46.5593031Z caller=table_manager.go:476 msg="creating table" table=index_18583
[33mlog-stack-loki |[0m level=info ts=2021-01-24T15:08:46.559309Z caller=table_manager.go:476 msg="creating table" table=index_18598
[33mlog-stack-loki |[0m level=info ts=2021-01-24T15:08:46.5593149Z caller=table_manager.go:476 msg="creating table" table=index_18606
[33mlog-stack-loki |[0m level=info ts=2021-01-24T15:08:46.5593212Z caller=table_manager.go:476 msg="creating table" table=index_18612
[33mlog-stack-loki |[0m level=info ts=2021-01-24T15:08:46.5593271Z caller=table_manager.go:476 msg="creating table" table=index_18615
[33mlog-stack-loki |[0m level=info ts=2021-01-24T15:08:46.5593328Z caller=table_manager.go:476 msg="creating table" table=index_18616
[33mlog-stack-loki |[0m level=info ts=2021-01-24T15:08:46.5593386Z caller=table_manager.go:476 msg="creating table" table=index_18618
[33mlog-stack-loki |[0m level=info ts=2021-01-24T15:08:46.5593444Z caller=table_manager.go:476 msg="creating table" table=index_18643
[33mlog-stack-loki |[0m level=info ts=2021-01-24T15:08:46.5593502Z caller=table_manager.go:476 msg="creating table" table=index_18572
[33mlog-stack-loki |[0m level=info ts=2021-01-24T15:08:46.5593558Z caller=table_manager.go:476 msg="creating table" table=index_18590
[33mlog-stack-loki |[0m level=info ts=2021-01-24T15:08:46.5593618Z caller=table_manager.go:476 msg="creating table" table=index_18632
[33mlog-stack-loki |[0m level=info ts=2021-01-24T15:08:46.5593688Z caller=table_manager.go:476 msg="creating table" table=index_18571
[33mlog-stack-loki |[0m level=info ts=2021-01-24T15:08:46.5593749Z caller=table_manager.go:476 msg="creating table" table=index_18611
[33mlog-stack-loki |[0m level=info ts=2021-01-24T15:08:46.5593806Z caller=table_manager.go:476 msg="creating table" table=index_18630
[33mlog-stack-loki |[0m level=info ts=2021-01-24T15:08:46.5593862Z caller=table_manager.go:476 msg="creating table" table=index_18642
[33mlog-stack-loki |[0m level=info ts=2021-01-24T15:08:46.5593918Z caller=table_manager.go:476 msg="creating table" table=index_18582
[33mlog-stack-loki |[0m level=info ts=2021-01-24T15:08:46.5593974Z caller=table_manager.go:476 msg="creating table" table=index_18591
[33mlog-stack-loki |[0m level=info ts=2021-01-24T15:08:46.5594036Z caller=table_manager.go:476 msg="creating table" table=index_18594
[33mlog-stack-loki |[0m level=info ts=2021-01-24T15:08:46.5594116Z caller=table_manager.go:476 msg="creating table" table=index_18605
[33mlog-stack-loki |[0m level=info ts=2021-01-24T15:08:46.5594176Z caller=table_manager.go:476 msg="creating table" table=index_18588
[33mlog-stack-loki |[0m level=info ts=2021-01-24T15:08:46.5594506Z caller=table_manager.go:476 msg="creating table" table=index_18622
[33mlog-stack-loki |[0m level=info ts=2021-01-24T15:08:46.5594618Z caller=table_manager.go:476 msg="creating table" table=index_18644
[33mlog-stack-loki |[0m level=info ts=2021-01-24T15:08:46.559469Z caller=table_manager.go:476 msg="creating table" table=index_18562
[33mlog-stack-loki |[0m level=info ts=2021-01-24T15:08:46.5594753Z caller=table_manager.go:476 msg="creating table" table=index_18570
[33mlog-stack-loki |[0m level=info ts=2021-01-24T15:08:46.5594818Z caller=table_manager.go:476 msg="creating table" table=index_18586
[33mlog-stack-loki |[0m level=info ts=2021-01-24T15:08:46.5594884Z caller=table_manager.go:476 msg="creating table" table=index_18645
[33mlog-stack-loki |[0m level=info ts=2021-01-24T15:08:46.5594962Z caller=table_manager.go:476 msg="creating table" table=index_18650
[33mlog-stack-loki |[0m level=info ts=2021-01-24T15:08:46.559503Z caller=table_manager.go:476 msg="creating table" table=index_18587
[33mlog-stack-loki |[0m level=info ts=2021-01-24T15:08:46.5595102Z caller=table_manager.go:476 msg="creating table" table=index_18614
[33mlog-stack-loki |[0m level=info ts=2021-01-24T15:08:46.5595171Z caller=table_manager.go:476 msg="creating table" table=index_18621
[33mlog-stack-loki |[0m level=info ts=2021-01-24T15:08:46.5595241Z caller=table_manager.go:476 msg="creating table" table=index_18564
[33mlog-stack-loki |[0m level=info ts=2021-01-24T15:08:46.5595302Z caller=table_manager.go:476 msg="creating table" table=index_18573
[33mlog-stack-loki |[0m level=info ts=2021-01-24T15:08:46.5595369Z caller=table_manager.go:476 msg="creating table" table=index_18633
[33mlog-stack-loki |[0m level=info ts=2021-01-24T15:08:46.5595432Z caller=table_manager.go:476 msg="creating table" table=index_18636
[33mlog-stack-loki |[0m level=info ts=2021-01-24T15:08:46.5595492Z caller=table_manager.go:476 msg="creating table" table=index_18639
[33mlog-stack-loki |[0m level=info ts=2021-01-24T15:08:46.5595555Z caller=table_manager.go:476 msg="creating table" table=index_18584
[33mlog-stack-loki |[0m level=info ts=2021-01-24T15:08:46.5595619Z caller=table_manager.go:476 msg="creating table" table=index_18592
[33mlog-stack-loki |[0m level=info ts=2021-01-24T15:08:46.5595683Z caller=table_manager.go:476 msg="creating table" table=index_18593
[33mlog-stack-loki |[0m level=info ts=2021-01-24T15:08:46.5595745Z caller=table_manager.go:476 msg="creating table" table=index_18597
[33mlog-stack-loki |[0m level=info ts=2021-01-24T15:08:46.5595804Z caller=table_manager.go:476 msg="creating table" table=index_18601
[33mlog-stack-loki |[0m level=info ts=2021-01-24T15:08:46.5595862Z caller=table_manager.go:476 msg="creating table" table=index_18624
[33mlog-stack-loki |[0m level=info ts=2021-01-24T15:08:46.5595927Z caller=table_manager.go:476 msg="creating table" table=index_18635
[33mlog-stack-loki |[0m level=info ts=2021-01-24T15:08:46.5595988Z caller=table_manager.go:476 msg="creating table" table=index_18641
[33mlog-stack-loki |[0m level=info ts=2021-01-24T15:09:46.5553056Z caller=table_manager.go:171 msg="uploading tables"
[33mlog-stack-loki |[0m level=info ts=2021-01-24T15:10:46.5554029Z caller=table_manager.go:171 msg="uploading tables"
[33mlog-stack-loki |[0m level=info ts=2021-01-24T15:10:46.5588215Z caller=table_manager.go:324 msg="synching tables" expected_tables=93
[33mlog-stack-loki |[0m level=info ts=2021-01-24T15:10:46.5589178Z caller=table_manager.go:476 msg="creating table" table=index_18604
[33mlog-stack-loki |[0m level=info ts=2021-01-24T15:10:46.5589335Z caller=table_manager.go:476 msg="creating table" table=index_18616
[33mlog-stack-loki |[0m level=info ts=2021-01-24T15:10:46.5589407Z caller=table_manager.go:476 msg="creating table" table=index_18625
[33mlog-stack-loki |[0m level=info ts=2021-01-24T15:10:46.5589468Z caller=table_manager.go:476 msg="creating table" table=index_18635
[33mlog-stack-loki |[0m level=info ts=2021-01-24T15:10:46.5589535Z caller=table_manager.go:476 msg="creating table" table=index_18643
[33mlog-stack-loki |[0m level=info ts=2021-01-24T15:10:46.5589595Z caller=table_manager.go:476 msg="creating table" table=index_18600
[33mlog-stack-loki |[0m level=info ts=2021-01-24T15:10:46.5589657Z caller=table_manager.go:476 msg="creating table" table=index_18609
[33mlog-stack-loki |[0m level=info ts=2021-01-24T15:10:46.5589716Z caller=table_manager.go:476 msg="creating table" table=index_18617
[33mlog-stack-loki |[0m level=info ts=2021-01-24T15:10:46.5589773Z caller=table_manager.go:476 msg="creating table" table=index_18634
[33mlog-stack-loki |[0m level=info ts=2021-01-24T15:10:46.5589834Z caller=table_manager.go:476 msg="creating table" table=index_18641
[33mlog-stack-loki |[0m level=info ts=2021-01-24T15:10:46.5589893Z caller=table_manager.go:476 msg="creating table" table=index_18569
[33mlog-stack-loki |[0m level=info ts=2021-01-24T15:10:46.5589952Z caller=table_manager.go:476 msg="creating table" table=index_18572
[33mlog-stack-loki |[0m level=info ts=2021-01-24T15:10:46.5590047Z caller=table_manager.go:476 msg="creating table" table=index_18573
[33mlog-stack-loki |[0m level=info ts=2021-01-24T15:10:46.5590112Z caller=table_manager.go:476 msg="creating table" table=index_18576
[33mlog-stack-loki |[0m level=info ts=2021-01-24T15:10:46.5590491Z caller=table_manager.go:476 msg="creating table" table=index_18620
[33mlog-stack-loki |[0m level=info ts=2021-01-24T15:10:46.5590611Z caller=table_manager.go:476 msg="creating table" table=index_18650
[33mlog-stack-loki |[0m level=info ts=2021-01-24T15:10:46.5590683Z caller=table_manager.go:476 msg="creating table" table=index_18651
[33mlog-stack-loki |[0m level=info ts=2021-01-24T15:10:46.5590752Z caller=table_manager.go:476 msg="creating table" table=index_18564
[33mlog-stack-loki |[0m level=info ts=2021-01-24T15:10:46.5590818Z caller=table_manager.go:476 msg="creating table" table=index_18584
[33mlog-stack-loki |[0m level=info ts=2021-01-24T15:10:46.5590884Z caller=table_manager.go:476 msg="creating table" table=index_18636
[33mlog-stack-loki |[0m level=info ts=2021-01-24T15:10:46.5590949Z caller=table_manager.go:476 msg="creating table" table=index_18560
[33mlog-stack-loki |[0m level=info ts=2021-01-24T15:10:46.5591037Z caller=table_manager.go:476 msg="creating table" table=index_18571
[33mlog-stack-loki |[0m level=info ts=2021-01-24T15:10:46.5591129Z caller=table_manager.go:476 msg="creating table" table=index_18598
[33mlog-stack-loki |[0m level=info ts=2021-01-24T15:10:46.5591198Z caller=table_manager.go:476 msg="creating table" table=index_18612
[33mlog-stack-loki |[0m level=info ts=2021-01-24T15:10:46.5591277Z caller=table_manager.go:476 msg="creating table" table=index_18613
[33mlog-stack-loki |[0m level=info ts=2021-01-24T15:10:46.5591343Z caller=table_manager.go:476 msg="creating table" table=index_18632
[33mlog-stack-loki |[0m level=info ts=2021-01-24T15:10:46.5591408Z caller=table_manager.go:476 msg="creating table" table=index_18638
[33mlog-stack-loki |[0m level=info ts=2021-01-24T15:10:46.5591474Z caller=table_manager.go:476 msg="creating table" table=index_18640
[33mlog-stack-loki |[0m level=info ts=2021-01-24T15:10:46.5591963Z caller=table_manager.go:476 msg="creating table" table=index_18578
[33mlog-stack-loki |[0m level=info ts=2021-01-24T15:10:46.5592085Z caller=table_manager.go:476 msg="creating table" table=index_18583
[33mlog-stack-loki |[0m level=info ts=2021-01-24T15:10:46.5592154Z caller=table_manager.go:476 msg="creating table" table=index_18588
[33mlog-stack-loki |[0m level=info ts=2021-01-24T15:10:46.559222Z caller=table_manager.go:476 msg="creating table" table=index_18592
[33mlog-stack-loki |[0m level=info ts=2021-01-24T15:10:46.5592306Z caller=table_manager.go:476 msg="creating table" table=index_18606
[33mlog-stack-loki |[0m level=info ts=2021-01-24T15:10:46.5592372Z caller=table_manager.go:476 msg="creating table" table=index_18614
[33mlog-stack-loki |[0m level=info ts=2021-01-24T15:10:46.5592467Z caller=table_manager.go:476 msg="creating table" table=index_18559
[33mlog-stack-loki |[0m level=info ts=2021-01-24T15:10:46.5592538Z caller=table_manager.go:476 msg="creating table" table=index_18567
[33mlog-stack-loki |[0m level=info ts=2021-01-24T15:10:46.5592604Z caller=table_manager.go:476 msg="creating table" table=index_18591
[33mlog-stack-loki |[0m level=info ts=2021-01-24T15:10:46.559267Z caller=table_manager.go:476 msg="creating table" table=index_18624
[33mlog-stack-loki |[0m level=info ts=2021-01-24T15:10:46.5592737Z caller=table_manager.go:476 msg="creating table" table=index_18645
[33mlog-stack-loki |[0m level=info ts=2021-01-24T15:10:46.5592818Z caller=table_manager.go:476 msg="creating table" table=index_18574
[33mlog-stack-loki |[0m level=info ts=2021-01-24T15:10:46.5592887Z caller=table_manager.go:476 msg="creating table" table=index_18585
[33mlog-stack-loki |[0m level=info ts=2021-01-24T15:10:46.5592974Z caller=table_manager.go:476 msg="creating table" table=index_18589
[33mlog-stack-loki |[0m level=info ts=2021-01-24T15:10:46.5593046Z caller=table_manager.go:476 msg="creating table" table=index_18599
[33mlog-stack-loki |[0m level=info ts=2021-01-24T15:10:46.5593118Z caller=table_manager.go:476 msg="creating table" table=index_18627
[33mlog-stack-loki |[0m level=info ts=2021-01-24T15:10:46.5593185Z caller=table_manager.go:476 msg="creating table" table=index_18633
[33mlog-stack-loki |[0m level=info ts=2021-01-24T15:10:46.559325Z caller=table_manager.go:476 msg="creating table" table=index_18644
[33mlog-stack-loki |[0m level=info ts=2021-01-24T15:10:46.5593314Z caller=table_manager.go:476 msg="creating table" table=index_18646
[33mlog-stack-loki |[0m level=info ts=2021-01-24T15:10:46.5593386Z caller=table_manager.go:476 msg="creating table" table=index_18577
[33mlog-stack-loki |[0m level=info ts=2021-01-24T15:10:46.5593461Z caller=table_manager.go:476 msg="creating table" table=index_18593
[33mlog-stack-loki |[0m level=info ts=2021-01-24T15:10:46.5593532Z caller=table_manager.go:476 msg="creating table" table=index_18615
[33mlog-stack-loki |[0m level=info ts=2021-01-24T15:10:46.5593617Z caller=table_manager.go:476 msg="creating table" table=index_18619
[33mlog-stack-loki |[0m level=info ts=2021-01-24T15:10:46.559369Z caller=table_manager.go:476 msg="creating table" table=index_18597
[33mlog-stack-loki |[0m level=info ts=2021-01-24T15:10:46.5593998Z caller=table_manager.go:476 msg="creating table" table=index_18626
[33mlog-stack-loki |[0m level=info ts=2021-01-24T15:10:46.5594113Z caller=table_manager.go:476 msg="creating table" table=index_18629
[33mlog-stack-loki |[0m level=info ts=2021-01-24T15:10:46.5594184Z caller=table_manager.go:476 msg="creating table" table=index_18566
[33mlog-stack-loki |[0m level=info ts=2021-01-24T15:10:46.5594279Z caller=table_manager.go:476 msg="creating table" table=index_18570
[33mlog-stack-loki |[0m level=info ts=2021-01-24T15:10:46.5594349Z caller=table_manager.go:476 msg="creating table" table=index_18582
[33mlog-stack-loki |[0m level=info ts=2021-01-24T15:10:46.5594661Z caller=table_manager.go:476 msg="creating table" table=index_18596
[33mlog-stack-loki |[0m level=info ts=2021-01-24T15:10:46.5594777Z caller=table_manager.go:476 msg="creating table" table=index_18603
[33mlog-stack-loki |[0m level=info ts=2021-01-24T15:10:46.5594873Z caller=table_manager.go:476 msg="creating table" table=index_18622
[33mlog-stack-loki |[0m level=info ts=2021-01-24T15:10:46.5595194Z caller=table_manager.go:476 msg="creating table" table=index_18628
[33mlog-stack-loki |[0m level=info ts=2021-01-24T15:10:46.5595309Z caller=table_manager.go:476 msg="creating table" table=index_18561
[33mlog-stack-loki |[0m level=info ts=2021-01-24T15:10:46.5595379Z caller=table_manager.go:476 msg="creating table" table=index_18565
[33mlog-stack-loki |[0m level=info ts=2021-01-24T15:10:46.5595445Z caller=table_manager.go:476 msg="creating table" table=index_18579
[33mlog-stack-loki |[0m level=info ts=2021-01-24T15:10:46.5595529Z caller=table_manager.go:476 msg="creating table" table=index_18581
[33mlog-stack-loki |[0m level=info ts=2021-01-24T15:10:46.5595627Z caller=table_manager.go:476 msg="creating table" table=index_18601
[33mlog-stack-loki |[0m level=info ts=2021-01-24T15:10:46.5595732Z caller=table_manager.go:476 msg="creating table" table=index_18602
[33mlog-stack-loki |[0m level=info ts=2021-01-24T15:10:46.5595836Z caller=table_manager.go:476 msg="creating table" table=index_18630
[33mlog-stack-loki |[0m level=info ts=2021-01-24T15:10:46.5596017Z caller=table_manager.go:476 msg="creating table" table=index_18647
[33mlog-stack-loki |[0m level=info ts=2021-01-24T15:10:46.5596313Z caller=table_manager.go:476 msg="creating table" table=index_18580
[33mlog-stack-loki |[0m level=info ts=2021-01-24T15:10:46.5596376Z caller=table_manager.go:476 msg="creating table" table=index_18595
[33mlog-stack-loki |[0m level=info ts=2021-01-24T15:10:46.559644Z caller=table_manager.go:476 msg="creating table" table=index_18605
[33mlog-stack-loki |[0m level=info ts=2021-01-24T15:10:46.5596498Z caller=table_manager.go:476 msg="creating table" table=index_18637
[33mlog-stack-loki |[0m level=info ts=2021-01-24T15:10:46.559657Z caller=table_manager.go:476 msg="creating table" table=index_18642
[33mlog-stack-loki |[0m level=info ts=2021-01-24T15:10:46.5596675Z caller=table_manager.go:476 msg="creating table" table=index_18648
[33mlog-stack-loki |[0m level=info ts=2021-01-24T15:10:46.5597078Z caller=table_manager.go:476 msg="creating table" table=index_18562
[33mlog-stack-loki |[0m level=info ts=2021-01-24T15:10:46.5597236Z caller=table_manager.go:476 msg="creating table" table=index_18568
[33mlog-stack-loki |[0m level=info ts=2021-01-24T15:10:46.5597303Z caller=table_manager.go:476 msg="creating table" table=index_18587
[33mlog-stack-loki |[0m level=info ts=2021-01-24T15:10:46.5597362Z caller=table_manager.go:476 msg="creating table" table=index_18590
[33mlog-stack-loki |[0m level=info ts=2021-01-24T15:10:46.5597419Z caller=table_manager.go:476 msg="creating table" table=index_18623
[33mlog-stack-loki |[0m level=info ts=2021-01-24T15:10:46.5597478Z caller=table_manager.go:476 msg="creating table" table=index_18631
[33mlog-stack-loki |[0m level=info ts=2021-01-24T15:10:46.5597536Z caller=table_manager.go:476 msg="creating table" table=index_18639
[33mlog-stack-loki |[0m level=info ts=2021-01-24T15:10:46.5597593Z caller=table_manager.go:476 msg="creating table" table=index_18563
[33mlog-stack-loki |[0m level=info ts=2021-01-24T15:10:46.5597656Z caller=table_manager.go:476 msg="creating table" table=index_18575
[33mlog-stack-loki |[0m level=info ts=2021-01-24T15:10:46.5597712Z caller=table_manager.go:476 msg="creating table" table=index_18586
[33mlog-stack-loki |[0m level=info ts=2021-01-24T15:10:46.5597773Z caller=table_manager.go:476 msg="creating table" table=index_18594
[33mlog-stack-loki |[0m level=info ts=2021-01-24T15:10:46.559783Z caller=table_manager.go:476 msg="creating table" table=index_18607
[33mlog-stack-loki |[0m level=info ts=2021-01-24T15:10:46.5597888Z caller=table_manager.go:476 msg="creating table" table=index_18608
[33mlog-stack-loki |[0m level=info ts=2021-01-24T15:10:46.5597945Z caller=table_manager.go:476 msg="creating table" table=index_18610
[33mlog-stack-loki |[0m level=info ts=2021-01-24T15:10:46.5598003Z caller=table_manager.go:476 msg="creating table" table=index_18611
[33mlog-stack-loki |[0m level=info ts=2021-01-24T15:10:46.5598059Z caller=table_manager.go:476 msg="creating table" table=index_18618
[33mlog-stack-loki |[0m level=info ts=2021-01-24T15:10:46.5598116Z caller=table_manager.go:476 msg="creating table" table=index_18621
[33mlog-stack-loki |[0m level=info ts=2021-01-24T15:10:46.5598173Z caller=table_manager.go:476 msg="creating table" table=index_18649
